[1] 2.514 0.556 0.380 0.897 0.396
[1] 1 1 1 1 1
[1] 2.514 0.556 0.380 0.897 0.396
[1] 0.8695754 0.6225400 0.5832888 0.7444910 0.5616306
[1]  0.005136177 -0.008966335  0.003197959  0.001812890
[1] 1.191 0.620 1.532 0.198 0.482
[1] 1 1 1 1 1
[1] 1.191 0.620 1.532 0.198 0.482
[1] 0.8011134 0.6915569 0.8398602 0.4349810 0.5768983
[1]  0.004638976 -0.030775369  0.002559764 -0.012354904
[1] 1.421 0.727 1.497 0.315 3.040
[1] 1 1 1 1 1
[1] 1.421 0.727 1.497 0.315 3.040
[1] 0.8139589 0.6729428 0.8080029 0.5017496 0.9007195
[1] -0.0076277424  0.0004082806 -0.0071365039 -0.0069071812
[1] 0.970 0.327 1.264 2.333 0.169
[1] 1 1 1 1 1
[1] 0.970 0.327 1.264 2.333 0.169
[1] 0.7210670 0.5706303 0.8181676 0.8663932 0.3623625
[1] -0.011233492  0.002891002 -0.013884121 -0.016429060
[1] 1.439 0.120 0.352 2.098 0.270
[1] 1 1 1 1 1
[1] 1.439 0.120 0.352 2.098 0.270
[1] 0.8134273 0.3869149 0.5708252 0.8322600 0.4808469
[1] -0.0063060771  0.0007394281 -0.0027723915  0.0015752062
[1] 0.192 1.428 1.509 0.830 1.975
[1] 1 1 1 1 1
[1] 0.192 1.428 1.509 0.830 1.975
[1] 0.4208619 0.7645257 0.8294385 0.6798957 0.8215857
[1]  0.0034407858 -0.0002544415  0.0035930137  0.0072476580
[1] 0.359 2.251 3.393 0.504 0.340
[1] 1 1 1 1 1
[1] 0.359 2.251 3.393 0.504 0.340
[1] 0.5697771 0.8560714 0.9013372 0.6031204 0.5390312
[1] -0.004517371 -0.020952542 -0.004866483 -0.005980562
[1] 2.194 1.366 0.428 0.271 0.354
[1] 1 1 1 1 1
[1] 2.194 1.366 0.428 0.271 0.354
[1] 0.8216693 0.7573178 0.5491162 0.4793449 0.5517303
[1] -0.01802593 -0.04620672 -0.01359585 -0.01657428
[1] 0.993 0.497 1.041 2.409 1.571
[1] 1 1 1 1 1
[1] 0.993 0.497 1.041 2.409 1.571
[1] 0.7729501 0.6234997 0.7940692 0.8504829 0.7976034
[1] 0.002738804 0.015563732 0.002856691 0.004918019
[1] 1.034 0.116 1.347 0.811 1.977
[1] 1 1 1 1 1
[1] 1.034 0.116 1.347 0.811 1.977
[1] 0.7537057 0.4316750 0.8257173 0.7154834 0.8523289
[1] 0.002859435 0.011340359 0.001432123 0.001435538
[1] 1.915 0.618 0.101 1.612 0.414
[1] 1 1 1 1 1
[1] 1.915 0.618 0.101 1.612 0.414
[1] 0.8333516 0.6106533 0.3532195 0.8025414 0.5175849
[1] -0.011270624 -0.012610898 -0.008019130 -0.003580955
[1] 1.222 2.455 0.847 2.289 2.688
[1] 1 1 1 1 1
[1] 1.222 2.455 0.847 2.289 2.688
[1] 0.7778974 0.8544512 0.7417024 0.8982751 0.8859985
[1] -0.0006437551  0.0097140542 -0.0006700565 -0.0017900477
[1] 1.470 0.279 2.309 0.140 2.912
[1] 1 1 1 1 1
[1] 1.470 0.279 2.309 0.140 2.912
[1] 0.7725375 0.5165032 0.9015490 0.3430809 0.8829756
[1] -0.003070259 -0.003080124 -0.002961779 -0.002486435
[1] 2.436 0.558 1.676 0.702 1.611
[1] 1 1 1 1 1
[1] 2.436 0.558 1.676 0.702 1.611
[1] 0.8487954 0.6244288 0.7824154 0.7466765 0.7417765
[1] -0.007791952 -0.021163451 -0.008095355 -0.006202358
[1] 2.091 1.406 0.597 1.392 0.291
[1] 1 1 1 1 1
[1] 2.091 1.406 0.597 1.392 0.291
[1] 0.8261703 0.7552669 0.6777950 0.7735895 0.5573282
[1] -0.006907277 -0.033154872 -0.008108007 -0.008045234
[1] 1.380 4.664 0.426 0.699 0.984
[1] 1 1 1 1 1
[1] 1.380 4.664 0.426 0.699 0.984
[1] 0.7625833 0.9177084 0.5723813 0.6665534 0.7880422
[1] -0.002312091 -0.031297109 -0.002386940 -0.002440084
[1] 0.834 1.786 0.308 1.791 1.829
[1] 1 1 1 1 1
[1] 0.834 1.786 0.308 1.791 1.829
[1] 0.7110010 0.8215236 0.4812597 0.8065304 0.8566095
[1]  0.0003814190 -0.0110446046  0.0002732795  0.0008581378
[1] 1.393 1.437 1.448 0.815 0.524
[1] 1 1 1 1 1
[1] 1.393 1.437 1.448 0.815 0.524
[1] 0.7663245 0.8105691 0.8104984 0.7157478 0.6439407
[1] -0.002915603 -0.025761798 -0.002710044 -0.015154950
[1] 4.164 1.295 3.710 1.441 0.720
[1] 1 1 1 1 1
[1] 4.164 1.295 3.710 1.441 0.720
[1] 0.9284485 0.8181955 0.8969375 0.8156519 0.6986939
[1] 0.002219122 0.007548898 0.002182814 0.002184234
[1] 1.225 0.915 1.718 1.305 1.177
[1] 1 1 1 1 1
[1] 1.225 0.915 1.718 1.305 1.177
[1] 0.7471504 0.7645569 0.7992117 0.7652284 0.7357501
[1]  0.015511573 -0.005473369  0.014100394  0.004391500
[1] 1.896 1.495 0.143 0.275 0.420
[1] 1 1 1 1 1
[1] 1.896 1.495 0.143 0.275 0.420
[1] 0.8285922 0.7702502 0.4182368 0.5012677 0.5760622
[1]  0.0027245991 -0.0164880760  0.0036746596 -0.0006938821
[1] 0.279 2.118 0.482 1.194 1.446
[1] 1 1 1 1 1
[1] 0.279 2.118 0.482 1.194 1.446
[1] 0.4372853 0.8810539 0.6656745 0.7394472 0.8353943
[1] -0.003990150 -0.017329581 -0.002731563 -0.002728062
[1] 0.248 0.988 1.066 0.262 1.145
[1] 1 1 1 1 1
[1] 0.248 0.988 1.066 0.262 1.145
[1] 0.4587872 0.7688557 0.7222242 0.4810442 0.7599255
[1] -0.02478047 -0.17427519 -0.03285980 -0.17038262
[1] 0.283 0.140 2.491 1.412 0.138
[1] 1 1 1 1 1
[1] 0.283 0.140 2.491 1.412 0.138
[1] 0.5578879 0.3751956 0.8534095 0.7594030 0.3675357
[1] 0.004441851 0.005534174 0.002791689 0.004357985
[1] 3.947 0.679 0.450 0.112 2.182
[1] 1 1 1 1 1
[1] 3.947 0.679 0.450 0.112 2.182
[1] 0.9019111 0.6986911 0.6538776 0.3430648 0.8832386
[1] -0.002705485 -0.028157672 -0.002735378 -0.002741613
[1] 1.141 0.596 1.150 2.595 0.950
[1] 1 1 1 1 1
[1] 1.141 0.596 1.150 2.595 0.950
[1] 0.7811380 0.6601914 0.7583340 0.8759692 0.6939091
[1]  0.01276835 -0.02449138  0.01422541  0.01396724
[1] 0.145 0.111 1.098 0.947 1.023
[1] 1 1 1 1 1
[1] 0.145 0.111 1.098 0.947 1.023
[1] 0.3628533 0.2847329 0.6980594 0.7181788 0.7536934
[1] -0.000634163 -0.156796535 -0.010929061 -0.259089631
[1] 1.799 0.115 1.941 1.271 0.541
[1] 1 1 1 1 1
[1] 1.799 0.115 1.941 1.271 0.541
[1] 0.8487855 0.3526959 0.8532191 0.7848030 0.6289620
[1]  0.005195482 -0.001022557  0.005082253  0.002136238
[1] 1.096 1.235 0.203 0.996 0.958
[1] 1 1 1 1 1
[1] 1.096 1.235 0.203 0.996 0.958
[1] 0.7366773 0.7626414 0.3921062 0.7035174 0.7341892
[1] 0.02302053 0.08554559 0.01979635 0.07138169
[1] 1.181 1.104 0.833 0.327 0.199
[1] 1 1 1 1 1
[1] 1.181 1.104 0.833 0.327 0.199
[1] 0.7507485 0.7515531 0.7459366 0.5818183 0.4446180
[1] -0.02880147 -0.04245733 -0.02276415 -0.04226302
[1] 1.275 1.980 0.469 0.796 0.131
[1] 1 1 1 1 1
[1] 1.275 1.980 0.469 0.796 0.131
[1] 0.7794209 0.8503692 0.5833895 0.7088592 0.3119954
[1] -0.01081447 -0.02818994 -0.01382929 -0.01692802
[1] 0.228 0.718 0.714 1.066 3.088
[1] 1 1 1 1 1
[1] 0.228 0.718 0.714 1.066 3.088
[1] 0.4408508 0.6791468 0.6973362 0.7329974 0.9234812
[1]  0.002187600 -0.047312793  0.003206756  0.003937045
[1] 0.446 1.079 1.764 0.393 0.674
[1] 1 1 1 1 1
[1] 0.446 1.079 1.764 0.393 0.674
[1] 0.6141515 0.7514293 0.8336904 0.5526134 0.6440744
[1] 0.02765171 0.06592739 0.02268546 0.02305208
[1] 1.611 1.299 0.785 0.329 2.129
[1] 1 1 1 1 1
[1] 1.611 1.299 0.785 0.329 2.129
[1] 0.7761112 0.7754726 0.6836668 0.5247626 0.8537593
[1] -0.003802773 -0.015732450 -0.005855395 -0.004675401
[1] 2.276 0.114 0.581 1.548 0.229
[1] 1 1 1 1 1
[1] 2.276 0.114 0.581 1.548 0.229
[1] 0.8648010 0.3123104 0.6143663 0.7448513 0.3933332
[1] -3.647715e-03 -8.040283e-03 -3.034484e-03  8.370588e-05
[1] 0.768 0.493 0.469 2.226 2.835
[1] 1 1 1 1 1
[1] 0.768 0.493 0.469 2.226 2.835
[1] 0.7524564 0.5908725 0.6309425 0.8479590 0.9161604
[1] -4.135686e-04 -4.038507e-03 -4.471243e-05 -7.211957e-04
[1] 1.792 0.664 0.888 0.560 0.499
[1] 1 1 1 1 1
[1] 1.792 0.664 0.888 0.560 0.499
[1] 0.8592932 0.6631661 0.7296409 0.6027262 0.6608976
[1] 0.004984708 0.037849935 0.007571157 0.017953020
[1] 1.624 0.862 0.942 1.557 0.427
[1] 1 1 1 1 1
[1] 1.624 0.862 0.942 1.557 0.427
[1] 0.8685495 0.7470242 0.7416348 0.7917913 0.5658183
[1]  0.0024342765 -0.0024029806  0.0006658351 -0.0037188105
[1] 1.576 0.480 1.639 0.983 0.973
[1] 1 1 1 1 1
[1] 1.576 0.480 1.639 0.983 0.973
[1] 0.7974712 0.5831987 0.8103061 0.7514318 0.7238031
[1] -0.004462235 -0.011726059 -0.003144906  0.005997180
[1] 0.516 0.721 1.799 0.255 1.474
[1] 1 1 1 1 1
[1] 0.516 0.721 1.799 0.255 1.474
[1] 0.6283061 0.7117183 0.8335852 0.5308443 0.7867964
[1] 0.022579927 0.004351721 0.021258922 0.024993876
[1] 0.938 2.508 1.790 0.500 0.115
[1] 1 1 1 1 1
[1] 0.938 2.508 1.790 0.500 0.115
[1] 0.7812631 0.8592290 0.8424685 0.6052827 0.3368446
[1] 0.009564092 0.013782082 0.008936156 0.009889000
[1] 1.915 1.155 1.672 1.141 0.562
[1] 1 1 1 1 1
[1] 1.915 1.155 1.672 1.141 0.562
[1] 0.8778708 0.7564891 0.8280393 0.7166157 0.6123592
[1] 0.0008059788 0.0150578693 0.0025460011 0.0064876656
[1] 1.397 1.140 0.389 6.251 4.688
[1] 1 1 1 1 1
[1] 1.397 1.140 0.389 6.251 4.688
[1] 0.7635781 0.7689696 0.5933753 0.9368554 0.9203304
[1] -0.0005552530  0.0016523123 -0.0005067313 -0.0005309717
[1] 3.779 2.426 0.160 2.216 0.904
[1] 1 1 1 1 1
[1] 3.779 2.426 0.160 2.216 0.904
[1] 0.9222230 0.8474112 0.3941369 0.8582120 0.7486665
[1] -0.001348911  0.003098867 -0.001386159 -0.001514270
[1] 3.398 0.656 1.755 1.082 0.803
[1] 1 1 1 1 1
[1] 3.398 0.656 1.755 1.082 0.803
[1] 0.8916919 0.6782688 0.8300068 0.7796876 0.7115799
[1]  0.001198264 -0.009855425  0.001370365  0.002357711
[1] 2.087 1.009 0.909 3.548 0.181
[1] 1 1 1 1 1
[1] 2.087 1.009 0.909 3.548 0.181
[1] 0.8428000 0.7876381 0.7051767 0.8982125 0.4278211
[1] -0.002302976 -0.017670402 -0.003042024 -0.003660590
[1] 0.396 0.779 1.691 2.456 1.430
[1] 1 1 1 1 1
[1] 0.396 0.779 1.691 2.456 1.430
[1] 0.5589702 0.6970254 0.8508012 0.8625339 0.7592840
[1] 0.0017784483 0.0008700973 0.0029928017 0.0069367798
[1] 1.537 0.546 1.059 1.165 1.320
[1] 1 1 1 1 1
[1] 1.537 0.546 1.059 1.165 1.320
[1] 0.8098984 0.5868346 0.6964858 0.7074805 0.8354114
[1] -0.013235876  0.007836822 -0.013347610  0.003989510
[1] 1.894 0.295 6.339 4.446 0.729
[1] 1 1 1 1 1
[1] 1.894 0.295 6.339 4.446 0.729
[1] 0.8344575 0.5502646 0.9368420 0.9307474 0.6666589
[1]  0.0001943733 -0.0133412649  0.0002185339  0.0001448997
[1] 0.680 2.066 1.064 0.316 0.731
[1] 1 1 1 1 1
[1] 0.680 2.066 1.064 0.316 0.731
[1] 0.6507414 0.8793097 0.7931621 0.4997299 0.6362476
[1]  0.008671616 -0.007898761  0.008920402  0.008072986
[1] 2.206 0.181 0.554 0.115 1.147
[1] 1 1 1 1 1
[1] 2.206 0.181 0.554 0.115 1.147
[1] 0.8414486 0.3995071 0.5921117 0.3504342 0.7173810
[1] -0.001963326 -0.019491509 -0.003416488 -0.004984275
[1] 1.103 4.421 0.726 0.255 0.454
[1] 1 1 1 1 1
[1] 1.103 4.421 0.726 0.255 0.454
[1] 0.7143349 0.9236733 0.6758686 0.5194793 0.6423025
[1] 0.001101467 0.012675215 0.001725901 0.002555779
[1] 2.143 0.508 0.297 1.147 1.073
[1] 1 1 1 1 1
[1] 2.143 0.508 0.297 1.147 1.073
[1] 0.8520093 0.6068630 0.5283253 0.7352789 0.7629952
[1]  0.001714598 -0.054147397  0.002181836 -0.003554793
[1] 0.396 0.629 1.911 1.149 0.303
[1] 1 1 1 1 1
[1] 0.396 0.629 1.911 1.149 0.303
[1] 0.6140206 0.6158956 0.8379068 0.7450414 0.5807177
[1]  0.001250212 -0.062248219  0.001709806 -0.007161268
[1] 0.528 1.379 2.053 0.190 0.647
[1] 1 1 1 1 1
[1] 0.528 1.379 2.053 0.190 0.647
[1] 0.6164969 0.8327822 0.8410125 0.5078866 0.6567079
[1]  0.003697440 -0.007107394  0.004425305  0.002927831
[1] 0.983 0.362 3.020 0.772 0.290
[1] 1 1 1 1 1
[1] 0.983 0.362 3.020 0.772 0.290
[1] 0.7584013 0.5985453 0.8446129 0.6743453 0.5030980
[1] -0.0017723414  0.0011826524  0.0006954872  0.0009411378
[1] 0.215 2.207 2.132 0.970 0.605
[1] 1 1 1 1 1
[1] 0.215 2.207 2.132 0.970 0.605
[1] 0.4419639 0.8235167 0.8284153 0.7164529 0.6556242
[1]  0.000820895 -0.010503762  0.001080930  0.005111320
[1] 0.633 0.800 1.290 1.472 0.296
[1] 1 1 1 1 1
[1] 0.633 0.800 1.290 1.472 0.296
[1] 0.6758907 0.7004045 0.7815990 0.8253627 0.5236375
[1] -0.0150219624 -0.0358416511 -0.0117812921 -0.0005563519
[1] 3.001 0.673 3.628 1.228 1.314
[1] 1 1 1 1 1
[1] 3.001 0.673 3.628 1.228 1.314
[1] 0.8839730 0.6637588 0.9054039 0.7774713 0.8168357
[1] -0.001544589 -0.004664873 -0.001545466 -0.001626790
[1] 0.440 0.649 0.543 3.558 1.719
[1] 1 1 1 1 1
[1] 0.440 0.649 0.543 3.558 1.719
[1] 0.5807744 0.6697395 0.6398241 0.9000354 0.8259298
[1]  6.813644e-05 -5.284958e-03  5.365801e-04  1.592447e-03
[1] 2.213 0.596 8.467 0.368 0.851
[1] 1 1 1 1 1
[1] 2.213 0.596 8.467 0.368 0.851
[1] 0.8361018 0.6039803 0.9651080 0.5410871 0.7040524
[1] 1.196406e-04 7.563167e-03 6.264978e-05 6.094076e-05
[1] 0.714 0.284 1.560 0.143 2.043
[1] 1 1 1 1 1
[1] 0.714 0.284 1.560 0.143 2.043
[1] 0.7629443 0.5939286 0.8663664 0.4212477 0.8411150
[1] 0.002887832 0.006062063 0.003167893 0.005010753
[1] 0.357 0.896 0.812 0.893 1.046
[1] 1 1 1 1 1
[1] 0.357 0.896 0.812 0.893 1.046
[1] 0.5273137 0.6750006 0.7341505 0.7361432 0.7425933
[1] -0.0140358039 -0.0008280042 -0.0093401065  0.0323952032
[1] 0.326 1.885 1.098 1.979 0.280
[1] 1 1 1 1 1
[1] 0.326 1.885 1.098 1.979 0.280
[1] 0.6017328 0.8292864 0.7224085 0.8758418 0.4738902
[1] -0.003247685 -0.002801231 -0.004156613 -0.001866769
[1] 0.786 5.542 0.575 0.678 0.784
[1] 1 1 1 1 1
[1] 0.786 5.542 0.575 0.678 0.784
[1] 0.7228327 0.9331381 0.5963121 0.6703329 0.7549487
[1] 0.001579391 0.017154469 0.001961496 0.002623980
[1] 0.712 0.794 0.144 2.068 0.887
[1] 1 1 1 1 1
[1] 0.712 0.794 0.144 2.068 0.887
[1] 0.7506071 0.7028069 0.3567271 0.8463523 0.7076169
[1] -0.0034397808 -0.0785438666 -0.0041404390  0.0008883206
[1] 2.649 0.306 0.204 2.297 0.555
[1] 1 1 1 1 1
[1] 2.649 0.306 0.204 2.297 0.555
[1] 0.8139757 0.5636526 0.4248794 0.8201371 0.6598299
[1]  0.0029524957 -0.0003406241  0.0016283520  0.0042655368
[1] 2.938 0.889 0.321 0.371 1.047
[1] 1 1 1 1 1
[1] 2.938 0.889 0.321 0.371 1.047
[1] 0.8920618 0.7518347 0.5543687 0.5448590 0.7372062
[1]  0.007554045 -0.040216931  0.007188942  0.004249289
[1] 1.293 0.545 0.218 0.143 0.878
[1] 1 1 1 1 1
[1] 1.293 0.545 0.218 0.143 0.878
[1] 0.7470858 0.6193707 0.4889504 0.3555523 0.7404149
[1] 0.06014525 0.04440450 0.05902706 0.08442746
[1] 0.616 0.200 1.135 0.651 1.228
[1] 1 1 1 1 1
[1] 0.616 0.200 1.135 0.651 1.228
[1] 0.6189868 0.4124165 0.7917092 0.5944541 0.7981681
[1] 0.006222887 0.003163092 0.003609958 0.016339866
[1] 3.315 3.895 0.106 0.403 2.435
[1] 1 1 1 1 1
[1] 3.315 3.895 0.106 0.403 2.435
[1] 0.9046648 0.9363086 0.3213455 0.5680678 0.8134618
[1] 0.001356479 0.002365748 0.001260308 0.001176668
[1] 0.283 2.170 2.211 0.995 0.977
[1] 1 1 1 1 1
[1] 0.283 2.170 2.211 0.995 0.977
[1] 0.4830744 0.8412907 0.8324030 0.7236107 0.6763300
[1] 0.005105553 0.001333744 0.004722926 0.009053341
[1] 0.749 2.123 1.021 0.156 1.542
[1] 1 1 1 1 1
[1] 0.749 2.123 1.021 0.156 1.542
[1] 0.6250551 0.7888535 0.7114035 0.3614211 0.8600901
[1]  0.0002849828 -0.0191234802  0.0014883554 -0.0022310204
[1] 0.201 1.128 0.167 0.871 0.240
[1] 1 1 1 1 1
[1] 0.201 1.128 0.167 0.871 0.240
[1] 0.4437783 0.7812092 0.3996237 0.7284369 0.4884039
[1]  0.042812808 -0.009923689  0.038863877  0.020211415
[1] 1.011 0.234 0.917 2.477 0.130
[1] 1 1 1 1 1
[1] 1.011 0.234 0.917 2.477 0.130
[1] 0.8097117 0.5147235 0.6928420 0.8562945 0.3542987
[1]  0.0044114890 -0.0246937610  0.0008190073 -0.0047021656
[1] 0.101 1.306 1.185 0.919 0.908
[1] 1 1 1 1 1
[1] 0.101 1.306 1.185 0.919 0.908
[1] 0.3181244 0.7901820 0.7570261 0.7457699 0.6885292
[1] 0.006886386 0.026894558 0.005964269 0.030734139
[1] 1.473 0.445 1.071 0.317 1.421
[1] 1 1 1 1 1
[1] 1.473 0.445 1.071 0.317 1.421
[1] 0.7861195 0.5944629 0.7540816 0.5428864 0.7714278
[1] -0.009235147 -0.013417623 -0.013859863 -0.020534147
[1] 2.258 0.236 0.729 1.016 0.400
[1] 1 1 1 1 1
[1] 2.258 0.236 0.729 1.016 0.400
[1] 0.8193640 0.4845900 0.6821603 0.7111740 0.5461966
[1] -0.02368648  0.05765131 -0.02078124 -0.01573386
[1] 0.293 0.101 1.250 0.974 0.435
[1] 1 1 1 1 1
[1] 0.293 0.101 1.250 0.974 0.435
[1] 0.5276270 0.3636316 0.8300415 0.7223858 0.6294900
[1]  0.0092616961 -0.0691411077 -0.0005467094 -0.0323034245
[1] 0.146 0.370 1.312 0.730 1.535
[1] 1 1 1 1 1
[1] 0.146 0.370 1.312 0.730 1.535
[1] 0.3864609 0.5034807 0.7464275 0.7072268 0.8238008
[1] -0.011579646 -0.068627634 -0.008681813 -0.030677777
[1] 0.166 0.640 1.431 1.311 1.133
[1] 1 1 1 1 1
[1] 0.166 0.640 1.431 1.311 1.133
[1] 0.4175596 0.6835295 0.7937800 0.7798352 0.7897469
[1] -0.0216713125  0.0005425322 -0.0199840541 -0.0019033907
[1] 1.423 2.780 0.875 1.837 0.740
[1] 1 1 1 1 1
[1] 1.423 2.780 0.875 1.837 0.740
[1] 0.7660701 0.8760240 0.7065735 0.8536761 0.7121362
[1]  0.0006620979 -0.0117219735  0.0011221493  0.0013723290
[1] 0.226 0.590 3.290 1.302 0.608
[1] 1 1 1 1 1
[1] 0.226 0.590 3.290 1.302 0.608
[1] 0.4879717 0.6159071 0.9114407 0.7603400 0.6302363
[1]  0.002754237 -0.013975598  0.002536273  0.004428318
[1] 0.929 2.232 0.642 2.545 0.229
[1] 1 1 1 1 1
[1] 0.929 2.232 0.642 2.545 0.229
[1] 0.7361979 0.8270415 0.6532099 0.8530379 0.4782877
[1]  0.0052719774 -0.0001457331  0.0042213433  0.0023254846
[1] 2.715 0.439 0.687 2.862 1.877
[1] 1 1 1 1 1
[1] 2.715 0.439 0.687 2.862 1.877
[1] 0.8948540 0.5902406 0.6784399 0.8473015 0.8392223
[1] 0.0015802643 0.0002812185 0.0007488690 0.0007369109
[1] 1.069 1.380 0.523 2.595 1.162
[1] 1 1 1 1 1
[1] 1.069 1.380 0.523 2.595 1.162
[1] 0.7465432 0.8002100 0.6104945 0.8716562 0.7665327
[1]  0.001599318 -0.003507022  0.003518200  0.006134511
[1] 0.343 0.272 1.641 1.690 2.858
[1] 1 1 1 1 1
[1] 0.343 0.272 1.641 1.690 2.858
[1] 0.4882191 0.4782522 0.8499840 0.8278208 0.8645070
[1] 0.001740689 0.001426873 0.002816293 0.002849820
[1] 0.643 2.483 2.184 1.142 0.293
[1] 1 1 1 1 1
[1] 0.643 2.483 2.184 1.142 0.293
[1] 0.6764610 0.8816472 0.8784155 0.8037115 0.4692921
[1] -0.0001182934 -0.0015047091  0.0003195677  0.0003670181
[1] 1.065 0.751 0.239 4.112 1.626
[1] 1 1 1 1 1
[1] 1.065 0.751 0.239 4.112 1.626
[1] 0.7260710 0.7716134 0.5141951 0.9079736 0.8422254
[1] -4.603490e-04  7.311542e-03 -4.010844e-04  4.494002e-05
[1] 1.029 1.665 0.305 4.992 1.810
[1] 1 1 1 1 1
[1] 1.029 1.665 0.305 4.992 1.810
[1] 0.7001565 0.8203870 0.5028177 0.9282427 0.8863408
[1]  0.0010393481 -0.0172144395  0.0007519437  0.0007574437
[1] 0.334 1.208 0.319 1.797 1.011
[1] 1 1 1 1 1
[1] 0.334 1.208 0.319 1.797 1.011
[1] 0.5261132 0.7632658 0.5383210 0.8310829 0.7932974
[1] 0.008750895 0.011756634 0.010460031 0.014635421
[1] 0.625 0.796 0.226 1.124 3.831
[1] 1 1 1 1 1
[1] 0.625 0.796 0.226 1.124 3.831
[1] 0.6556410 0.7316092 0.3998761 0.7854979 0.8875097
[1]  0.002282277 -0.015180560  0.003145890  0.004166829
[1] 1.967 0.723 1.436 0.354 0.266
[1] 1 1 1 1 1
[1] 1.967 0.723 1.436 0.354 0.266
[1] 0.8429576 0.6869044 0.8181094 0.5621824 0.5576339
[1]  0.004533331 -0.016698954  0.003961107  0.002147294
[1] 0.112 0.720 0.913 2.331 1.426
[1] 1 1 1 1 1
[1] 0.112 0.720 0.913 2.331 1.426
[1] 0.4291244 0.7243941 0.7626726 0.8638412 0.8351218
[1]  0.0005160394 -0.0024673833  0.0004153078  0.0006787432
[1] 1.094 0.818 0.572 3.417 1.039
[1] 1 1 1 1 1
[1] 1.094 0.818 0.572 3.417 1.039
[1] 0.7521342 0.7081298 0.6429943 0.8991244 0.7162484
[1] 0.0006118745 0.0031633800 0.0008384492 0.0016891599
[1] 0.784 0.316 0.218 0.809 1.432
[1] 1 1 1 1 1
[1] 0.784 0.316 0.218 0.809 1.432
[1] 0.6773038 0.5040947 0.4819123 0.7271850 0.8109762
[1] 0.011306642 0.135865966 0.007384148 0.026633194
[1] 0.269 0.228 0.102 1.116 1.355
[1] 1 1 1 1 1
[1] 0.269 0.228 0.102 1.116 1.355
[1] 0.4622461 0.4928867 0.3683691 0.7107059 0.8010726
[1] 0.015441125 0.008993471 0.011428871 0.009710288
[1] 1.021 0.223 3.881 0.372 1.136
[1] 1 1 1 1 1
[1] 1.021 0.223 3.881 0.372 1.136
[1] 0.7740108 0.4387708 0.9065806 0.4953527 0.7829125
[1] -0.0004388893 -0.0312285691 -0.0004395852 -0.0010325662
[1] 1.884 0.641 0.393 1.214 0.321
[1] 1 1 1 1 1
[1] 1.884 0.641 0.393 1.214 0.321
[1] 0.8129553 0.6860716 0.6023758 0.7366860 0.5994150
[1] -0.001828961 -0.100035276 -0.003537685 -0.017738005
[1] 0.372 0.820 1.134 1.528 0.123
[1] 1 1 1 1 1
[1] 0.372 0.820 1.134 1.528 0.123
[1] 0.5128981 0.6440216 0.7955822 0.7707486 0.2785095
[1] -0.01913545 -0.04672223 -0.02083226 -0.02894173
